<?xml version="1.0" encoding="UTF-8"?>
<!-- Generated by org.testng.reporters.JUnitReportReporter -->
<testsuite hostname="Tarass-MacBook-Pro.local" name="test.java.main.java.edu.oms.tests.OrdersPageTest" tests="1" failures="0" timestamp="2 Jun 2015 17:18:01 GMT" time="37.528" errors="0">
  <testcase name="filterByRoleTest" time="37.528" classname="test.java.main.java.edu.oms.tests.OrdersPageTest"/>
</testsuite>
