<?xml version="1.0" encoding="UTF-8"?>
<!-- Generated by org.testng.reporters.JUnitReportReporter -->
<testsuite hostname="Tarass-MacBook-Pro.local" name="com.softserve.edu.tests.OrdersPageTest" tests="1" failures="0" timestamp="25 May 2015 22:42:32 GMT" time="249.592" errors="0">
  <testcase name="filterByRoleTest" time="249.592" classname="com.softserve.edu.tests.OrdersPageTest"/>
</testsuite> <!-- com.softserve.edu.tests.OrdersPageTest -->
