<?xml version="1.0" encoding="UTF-8"?>
<!-- Generated by org.testng.reporters.JUnitReportReporter -->
<testsuite hostname="Tarass-MacBook-Pro.local" name="test.java.main.java.edu.oms.tests.OrdersPageTest" tests="1" failures="0" timestamp="4 Jun 2015 15:18:35 GMT" time="16.427" errors="0">
  <testcase name="testTableData" time="16.427" classname="test.java.main.java.edu.oms.tests.OrdersPageTest"/>
</testsuite>
